==3239== Memcheck, a memory error detector
==3239== Copyright (C) 2002-2022, and GNU GPL'd, by Julian Seward et al.
==3239== Using Valgrind-3.22.0 and LibVEX; rerun with -h for copyright info
==3239== Command: ./build/development_of_information_security_tools_lab_2 ./SatExamples/sat_ex_1.pla min-dont-care
==3239== 
==3239== Mismatched free() / delete / delete []
==3239==    at 0x484A164: operator delete(void*) (in /usr/libexec/valgrind/vgpreload_memcheck-amd64-linux.so)
==3239==    by 0x10F186: BBV::operator=(char const*) (BBV.cpp:195)
==3239==    by 0x10D312: BoolEquation::CheckRules() (boolequation.cpp:110)
==3239==    by 0x10B4D7: main (main.cpp:178)
==3239==  Address 0x4e2ca00 is 0 bytes inside a block of size 2 alloc'd
==3239==    at 0x48485C3: operator new[](unsigned long) (in /usr/libexec/valgrind/vgpreload_memcheck-amd64-linux.so)
==3239==    by 0x10F08B: BBV::operator=(BBV&) (BBV.cpp:176)
==3239==    by 0x10D27E: BoolEquation::CheckRules() (boolequation.cpp:107)
==3239==    by 0x10B4D7: main (main.cpp:178)
==3239== 
==3239== Mismatched free() / delete / delete []
==3239==    at 0x484A164: operator delete(void*) (in /usr/libexec/valgrind/vgpreload_memcheck-amd64-linux.so)
==3239==    by 0x10F186: BBV::operator=(char const*) (BBV.cpp:195)
==3239==    by 0x10D378: BoolEquation::CheckRules() (boolequation.cpp:115)
==3239==    by 0x10B4D7: main (main.cpp:178)
==3239==  Address 0x4e2c8c0 is 0 bytes inside a block of size 2 alloc'd
==3239==    at 0x48485C3: operator new[](unsigned long) (in /usr/libexec/valgrind/vgpreload_memcheck-amd64-linux.so)
==3239==    by 0x10F191: BBV::operator=(char const*) (BBV.cpp:196)
==3239==    by 0x10D247: BoolEquation::CheckRules() (boolequation.cpp:105)
==3239==    by 0x10B4D7: main (main.cpp:178)
==3239== 
==3239== Mismatched free() / delete / delete []
==3239==    at 0x484A164: operator delete(void*) (in /usr/libexec/valgrind/vgpreload_memcheck-amd64-linux.so)
==3239==    by 0x10F186: BBV::operator=(char const*) (BBV.cpp:195)
==3239==    by 0x10D3B1: BoolEquation::CheckRules() (boolequation.cpp:119)
==3239==    by 0x10B4D7: main (main.cpp:178)
==3239==  Address 0x4e2c960 is 0 bytes inside a block of size 2 alloc'd
==3239==    at 0x48485C3: operator new[](unsigned long) (in /usr/libexec/valgrind/vgpreload_memcheck-amd64-linux.so)
==3239==    by 0x10F08B: BBV::operator=(BBV&) (BBV.cpp:176)
==3239==    by 0x10D267: BoolEquation::CheckRules() (boolequation.cpp:106)
==3239==    by 0x10B4D7: main (main.cpp:178)
==3239== 
==3239== Mismatched free() / delete / delete []
==3239==    at 0x484A164: operator delete(void*) (in /usr/libexec/valgrind/vgpreload_memcheck-amd64-linux.so)
==3239==    by 0x10F186: BBV::operator=(char const*) (BBV.cpp:195)
==3239==    by 0x10E6F3: BoolInterval::isEqualComponent(BoolInterval&) (boolinterval.cpp:107)
==3239==    by 0x10B92E: main (main.cpp:197)
==3239==  Address 0x4e53970 is 0 bytes inside a block of size 2 alloc'd
==3239==    at 0x48485C3: operator new[](unsigned long) (in /usr/libexec/valgrind/vgpreload_memcheck-amd64-linux.so)
==3239==    by 0x10EECB: BBV (BBV.cpp:85)
==3239==    by 0x10EECB: BBV::BBV(BBV&) (BBV.cpp:79)
==3239==    by 0x10E681: BoolInterval::isEqualComponent(BoolInterval&) (boolinterval.cpp:103)
==3239==    by 0x10B92E: main (main.cpp:197)
==3239== 
==3239== Mismatched free() / delete / delete []
==3239==    at 0x484A164: operator delete(void*) (in /usr/libexec/valgrind/vgpreload_memcheck-amd64-linux.so)
==3239==    by 0x10F186: BBV::operator=(char const*) (BBV.cpp:195)
==3239==    by 0x10E729: BoolInterval::isEqualComponent(BoolInterval&) (boolinterval.cpp:110)
==3239==    by 0x10B92E: main (main.cpp:197)
==3239==  Address 0x4e539c0 is 0 bytes inside a block of size 2 alloc'd
==3239==    at 0x48485C3: operator new[](unsigned long) (in /usr/libexec/valgrind/vgpreload_memcheck-amd64-linux.so)
==3239==    by 0x10EECB: BBV (BBV.cpp:85)
==3239==    by 0x10EECB: BBV::BBV(BBV&) (BBV.cpp:79)
==3239==    by 0x10E696: BoolInterval::isEqualComponent(BoolInterval&) (boolinterval.cpp:104)
==3239==    by 0x10B92E: main (main.cpp:197)
==3239== 
==3239== Mismatched free() / delete / delete []
==3239==    at 0x484A164: operator delete(void*) (in /usr/libexec/valgrind/vgpreload_memcheck-amd64-linux.so)
==3239==    by 0x10F186: BBV::operator=(char const*) (BBV.cpp:195)
==3239==    by 0x10E761: BoolInterval::isEqualComponent(BoolInterval&) (boolinterval.cpp:113)
==3239==    by 0x10B92E: main (main.cpp:197)
==3239==  Address 0x4e53a10 is 0 bytes inside a block of size 2 alloc'd
==3239==    at 0x48485C3: operator new[](unsigned long) (in /usr/libexec/valgrind/vgpreload_memcheck-amd64-linux.so)
==3239==    by 0x10EECB: BBV (BBV.cpp:85)
==3239==    by 0x10EECB: BBV::BBV(BBV&) (BBV.cpp:79)
==3239==    by 0x10E6AB: BoolInterval::isEqualComponent(BoolInterval&) (boolinterval.cpp:105)
==3239==    by 0x10B92E: main (main.cpp:197)
==3239== 
==3239== Mismatched free() / delete / delete []
==3239==    at 0x484A164: operator delete(void*) (in /usr/libexec/valgrind/vgpreload_memcheck-amd64-linux.so)
==3239==    by 0x10F186: BBV::operator=(char const*) (BBV.cpp:195)
==3239==    by 0x10E799: BoolInterval::isEqualComponent(BoolInterval&) (boolinterval.cpp:116)
==3239==    by 0x10B92E: main (main.cpp:197)
==3239==  Address 0x4e53a60 is 0 bytes inside a block of size 2 alloc'd
==3239==    at 0x48485C3: operator new[](unsigned long) (in /usr/libexec/valgrind/vgpreload_memcheck-amd64-linux.so)
==3239==    by 0x10EECB: BBV (BBV.cpp:85)
==3239==    by 0x10EECB: BBV::BBV(BBV&) (BBV.cpp:79)
==3239==    by 0x10E6BB: BoolInterval::isEqualComponent(BoolInterval&) (boolinterval.cpp:106)
==3239==    by 0x10B92E: main (main.cpp:197)
==3239== 
==3239== Mismatched free() / delete / delete []
==3239==    at 0x484A164: operator delete(void*) (in /usr/libexec/valgrind/vgpreload_memcheck-amd64-linux.so)
==3239==    by 0x10F186: BBV::operator=(char const*) (BBV.cpp:195)
==3239==    by 0x10E7CD: BoolInterval::isEqualComponent(BoolInterval&) (boolinterval.cpp:118)
==3239==    by 0x10B92E: main (main.cpp:197)
==3239==  Address 0x4e54050 is 0 bytes inside a block of size 2 alloc'd
==3239==    at 0x48485C3: operator new[](unsigned long) (in /usr/libexec/valgrind/vgpreload_memcheck-amd64-linux.so)
==3239==    by 0x10F191: BBV::operator=(char const*) (BBV.cpp:196)
==3239==    by 0x10E799: BoolInterval::isEqualComponent(BoolInterval&) (boolinterval.cpp:116)
==3239==    by 0x10B92E: main (main.cpp:197)
==3239== 
Branching strategy: min-dont-care
Input file: ./SatExamples/sat_ex_1.pla
Root is:
 000000--0--01-0==3239== 
==3239== HEAP SUMMARY:
==3239==     in use at exit: 8,880 bytes in 555 blocks
==3239==   total heap usage: 3,163 allocs, 2,608 frees, 112,509 bytes allocated
==3239== 
==3239== 16 bytes in 1 blocks are definitely lost in loss record 1 of 13
==3239==    at 0x48485C3: operator new[](unsigned long) (in /usr/libexec/valgrind/vgpreload_memcheck-amd64-linux.so)
==3239==    by 0x10F9D1: BBV::operator char*() (BBV.cpp:366)
==3239==    by 0x10D3E6: BoolEquation::CheckRules() (boolequation.cpp:72)
==3239==    by 0x10B4D7: main (main.cpp:178)
==3239== 
==3239== 128 bytes in 8 blocks are definitely lost in loss record 2 of 13
==3239==    at 0x48485C3: operator new[](unsigned long) (in /usr/libexec/valgrind/vgpreload_memcheck-amd64-linux.so)
==3239==    by 0x10F9D1: BBV::operator char*() (BBV.cpp:366)
==3239==    by 0x10D232: BoolEquation::CheckRules() (boolequation.cpp:105)
==3239==    by 0x10B4D7: main (main.cpp:178)
==3239== 
==3239== 480 bytes in 30 blocks are definitely lost in loss record 3 of 13
==3239==    at 0x48485C3: operator new[](unsigned long) (in /usr/libexec/valgrind/vgpreload_memcheck-amd64-linux.so)
==3239==    by 0x10F9D1: BBV::operator char*() (BBV.cpp:366)
==3239==    by 0x10E388: BoolInterval::BoolInterval(char const*) (boolinterval.cpp:31)
==3239==    by 0x10B7BA: main (main.cpp:125)
==3239== 
==3239== 480 bytes in 30 blocks are definitely lost in loss record 4 of 13
==3239==    at 0x48485C3: operator new[](unsigned long) (in /usr/libexec/valgrind/vgpreload_memcheck-amd64-linux.so)
==3239==    by 0x10F9D1: BBV::operator char*() (BBV.cpp:366)
==3239==    by 0x10E3BF: BoolInterval::BoolInterval(char const*) (boolinterval.cpp:32)
==3239==    by 0x10B7BA: main (main.cpp:125)
==3239== 
==3239== 480 bytes in 30 blocks are definitely lost in loss record 5 of 13
==3239==    at 0x48485C3: operator new[](unsigned long) (in /usr/libexec/valgrind/vgpreload_memcheck-amd64-linux.so)
==3239==    by 0x10F9D1: BBV::operator char*() (BBV.cpp:366)
==3239==    by 0x10E6DD: BoolInterval::isEqualComponent(BoolInterval&) (boolinterval.cpp:107)
==3239==    by 0x10B92E: main (main.cpp:197)
==3239== 
==3239== 480 bytes in 30 blocks are definitely lost in loss record 6 of 13
==3239==    at 0x48485C3: operator new[](unsigned long) (in /usr/libexec/valgrind/vgpreload_memcheck-amd64-linux.so)
==3239==    by 0x10F9D1: BBV::operator char*() (BBV.cpp:366)
==3239==    by 0x10E719: BoolInterval::isEqualComponent(BoolInterval&) (boolinterval.cpp:110)
==3239==    by 0x10B92E: main (main.cpp:197)
==3239== 
==3239== 480 bytes in 30 blocks are definitely lost in loss record 7 of 13
==3239==    at 0x48485C3: operator new[](unsigned long) (in /usr/libexec/valgrind/vgpreload_memcheck-amd64-linux.so)
==3239==    by 0x10F9D1: BBV::operator char*() (BBV.cpp:366)
==3239==    by 0x10E751: BoolInterval::isEqualComponent(BoolInterval&) (boolinterval.cpp:113)
==3239==    by 0x10B92E: main (main.cpp:197)
==3239== 
==3239== 480 bytes in 30 blocks are definitely lost in loss record 8 of 13
==3239==    at 0x48485C3: operator new[](unsigned long) (in /usr/libexec/valgrind/vgpreload_memcheck-amd64-linux.so)
==3239==    by 0x10F9D1: BBV::operator char*() (BBV.cpp:366)
==3239==    by 0x10E78B: BoolInterval::isEqualComponent(BoolInterval&) (boolinterval.cpp:116)
==3239==    by 0x10B92E: main (main.cpp:197)
==3239== 
==3239== 480 bytes in 30 blocks are definitely lost in loss record 9 of 13
==3239==    at 0x48485C3: operator new[](unsigned long) (in /usr/libexec/valgrind/vgpreload_memcheck-amd64-linux.so)
==3239==    by 0x10F9D1: BBV::operator char*() (BBV.cpp:366)
==3239==    by 0x10E7BF: BoolInterval::isEqualComponent(BoolInterval&) (boolinterval.cpp:118)
==3239==    by 0x10B92E: main (main.cpp:197)
==3239== 
==3239== 1,344 bytes in 84 blocks are definitely lost in loss record 10 of 13
==3239==    at 0x48485C3: operator new[](unsigned long) (in /usr/libexec/valgrind/vgpreload_memcheck-amd64-linux.so)
==3239==    by 0x10F9D1: BBV::operator char*() (BBV.cpp:366)
==3239==    by 0x10D2FE: BoolEquation::CheckRules() (boolequation.cpp:110)
==3239==    by 0x10B4D7: main (main.cpp:178)
==3239== 
==3239== 1,344 bytes in 84 blocks are definitely lost in loss record 11 of 13
==3239==    at 0x48485C3: operator new[](unsigned long) (in /usr/libexec/valgrind/vgpreload_memcheck-amd64-linux.so)
==3239==    by 0x10F9D1: BBV::operator char*() (BBV.cpp:366)
==3239==    by 0x10D338: BoolEquation::CheckRules() (boolequation.cpp:113)
==3239==    by 0x10B4D7: main (main.cpp:178)
==3239== 
==3239== 1,344 bytes in 84 blocks are definitely lost in loss record 12 of 13
==3239==    at 0x48485C3: operator new[](unsigned long) (in /usr/libexec/valgrind/vgpreload_memcheck-amd64-linux.so)
==3239==    by 0x10F9D1: BBV::operator char*() (BBV.cpp:366)
==3239==    by 0x10D368: BoolEquation::CheckRules() (boolequation.cpp:115)
==3239==    by 0x10B4D7: main (main.cpp:178)
==3239== 
==3239== 1,344 bytes in 84 blocks are definitely lost in loss record 13 of 13
==3239==    at 0x48485C3: operator new[](unsigned long) (in /usr/libexec/valgrind/vgpreload_memcheck-amd64-linux.so)
==3239==    by 0x10F9D1: BBV::operator char*() (BBV.cpp:366)
==3239==    by 0x10D3A3: BoolEquation::CheckRules() (boolequation.cpp:119)
==3239==    by 0x10B4D7: main (main.cpp:178)
==3239== 
==3239== LEAK SUMMARY:
==3239==    definitely lost: 8,880 bytes in 555 blocks
==3239==    indirectly lost: 0 bytes in 0 blocks
==3239==      possibly lost: 0 bytes in 0 blocks
==3239==    still reachable: 0 bytes in 0 blocks
==3239==         suppressed: 0 bytes in 0 blocks
==3239== 
==3239== For lists of detected and suppressed errors, rerun with: -s
==3239== ERROR SUMMARY: 415 errors from 21 contexts (suppressed: 0 from 0)
